2022-04-23 22:41:35,279 INFO Main [main] start
2022-04-23 22:41:35,427 INFO o.f.c.i.l.VersionPrinter [main] Flyway Community Edition 7.5.3 by Redgate
2022-04-23 22:41:36,195 INFO o.f.c.i.d.b.DatabaseType [main] Database: jdbc:postgresql://localhost:5432/postgres (PostgreSQL 13.3)
2022-04-23 22:41:36,255 INFO o.f.c.i.c.DbValidate [main] Successfully validated 1 migration (execution time 00:00.029s)
2022-04-23 22:41:36,276 INFO o.f.c.i.s.JdbcTableSchemaHistory [main] Creating Schema History table "public"."flyway_schema_history" ...
2022-04-23 22:41:36,344 INFO o.f.c.i.c.DbMigrate [main] Current version of schema "public": << Empty Schema >>
2022-04-23 22:41:36,354 INFO o.f.c.i.c.DbMigrate [main] Migrating schema "public" to version "1 - init schema"
2022-04-23 22:41:36,366 INFO o.f.c.i.s.DefaultSqlScriptExecutor [main] DB: таблица "tags" не существует, пропускается
2022-04-23 22:41:36,367 INFO o.f.c.i.s.DefaultSqlScriptExecutor [main] DB: таблица "nodes" не существует, пропускается
2022-04-23 22:41:36,402 INFO o.f.c.i.c.DbMigrate [main] Successfully applied 1 migration to schema "public" (execution time 00:00.065s)
2022-04-23 22:42:31,352 INFO Main [main] start
2022-04-23 22:42:31,405 INFO o.f.c.i.l.VersionPrinter [main] Flyway Community Edition 7.5.3 by Redgate
2022-04-23 22:42:31,823 INFO o.f.c.i.d.b.DatabaseType [main] Database: jdbc:postgresql://localhost:5432/postgres (PostgreSQL 13.3)
2022-04-23 22:42:31,863 INFO o.f.c.i.c.DbValidate [main] Successfully validated 1 migration (execution time 00:00.016s)
2022-04-23 22:42:31,876 INFO o.f.c.i.s.JdbcTableSchemaHistory [main] Creating Schema History table "public"."flyway_schema_history" ...
2022-04-23 22:42:31,905 INFO o.f.c.i.c.DbMigrate [main] Current version of schema "public": << Empty Schema >>
2022-04-23 22:42:31,910 INFO o.f.c.i.c.DbMigrate [main] Migrating schema "public" to version "1 - init schema"
2022-04-23 22:42:31,917 INFO o.f.c.i.s.DefaultSqlScriptExecutor [main] DB: таблица "tags" не существует, пропускается
2022-04-23 22:42:31,917 INFO o.f.c.i.s.DefaultSqlScriptExecutor [main] DB: таблица "nodes" не существует, пропускается
2022-04-23 22:42:31,936 INFO o.f.c.i.c.DbMigrate [main] Successfully applied 1 migration to schema "public" (execution time 00:00.035s)
2022-04-23 22:42:42,796 INFO Main [main] finish
2022-04-23 22:43:50,017 INFO Main [main] start
2022-04-23 22:43:50,082 INFO o.f.c.i.l.VersionPrinter [main] Flyway Community Edition 7.5.3 by Redgate
2022-04-23 22:43:50,509 INFO o.f.c.i.d.b.DatabaseType [main] Database: jdbc:postgresql://localhost:5432/postgres (PostgreSQL 13.3)
2022-04-23 22:43:50,552 INFO o.f.c.i.c.DbValidate [main] Successfully validated 1 migration (execution time 00:00.017s)
2022-04-23 22:43:50,566 INFO o.f.c.i.s.JdbcTableSchemaHistory [main] Creating Schema History table "public"."flyway_schema_history" ...
2022-04-23 22:43:50,603 INFO o.f.c.i.c.DbMigrate [main] Current version of schema "public": << Empty Schema >>
2022-04-23 22:43:50,610 INFO o.f.c.i.c.DbMigrate [main] Migrating schema "public" to version "1 - init schema"
2022-04-23 22:43:50,619 INFO o.f.c.i.s.DefaultSqlScriptExecutor [main] DB: таблица "tags" не существует, пропускается
2022-04-23 22:43:50,619 INFO o.f.c.i.s.DefaultSqlScriptExecutor [main] DB: таблица "nodes" не существует, пропускается
2022-04-23 22:43:50,643 INFO o.f.c.i.c.DbMigrate [main] Successfully applied 1 migration to schema "public" (execution time 00:00.045s)
2022-04-23 22:44:01,771 INFO Main [main] finish
